<?xml version="1.0" encoding="UTF-8"?>
<coverage generated="1434084767804" clover="3.2.0">
	<project timestamp="1434084767804"  name="All Files" >
		<metrics statements="18"  coveredstatements="18"  conditionals="4"  coveredconditionals="3"  methods="3"  coveredmethods="3"  elements="25"  coveredelements="24"  complexity="0"  packages="1"  files="1"  classes="1"  loc="65"  ncloc="65" />
		<package name="components" >
			<metrics statements="18"  coveredstatements="18"  conditionals="4"  coveredconditionals="3"  methods="3"  coveredmethods="3" />
			<file name="MembersList.jsx"  path="/Users/nils1/Repos/reflux-react-router-webpack-demo/static/js/components/MembersList.jsx" >
				<metrics statements="18"  coveredstatements="18"  conditionals="4"  coveredconditionals="3"  methods="3"  coveredmethods="3" />
				<line num="17"  count="10"  type="cond"  truecount="3"  falsecount="1" />
				<line num="18"  count="2"  type="stmt" />
				<line num="19"  count="2"  type="stmt" />
				<line num="20"  count="2"  type="stmt" />
				<line num="21"  count="2"  type="stmt" />
				<line num="22"  count="2"  type="stmt" />
				<line num="26"  count="2"  type="stmt" />
				<line num="30"  count="2"  type="stmt" />
				<line num="41"  count="2"  type="stmt" />
				<line num="42"  count="2"  type="stmt" />
				<line num="44"  count="2"  type="stmt" />
				<line num="46"  count="2"  type="stmt" />
				<line num="47"  count="2"  type="stmt" />
				<line num="48"  count="3"  type="stmt" />
				<line num="49"  count="3"  type="stmt" />
				<line num="54"  count="2"  type="stmt" />
				<line num="57"  count="2"  type="stmt" />
				<line num="65"  count="2"  type="stmt" />
			</file>
		</package>
	</project>
</coverage>
