{
"/Users/nils1/Repos/reflux-react-router-webpack-demo/static/js/components/MembersList.jsx":{"path":"/Users/nils1/Repos/reflux-react-router-webpack-demo/static/js/components/MembersList.jsx","s":{"1":2,"2":1,"3":10,"4":2,"5":2,"6":2,"7":2,"8":2,"9":2,"10":2,"11":2,"12":2,"13":2,"14":2,"15":2,"16":2,"17":2,"18":2,"19":2,"20":2,"21":2,"22":3,"23":3,"24":2,"25":2,"26":2},"b":{"1":[0,10],"2":[10,10]},"f":{"1":10,"2":2,"3":3},"fnMap":{"1":{"name":"_interopRequireDefault","line":17,"loc":{"start":{"line":17,"column":75},"end":{"line":17,"column":112}}},"2":{"name":"render","line":40,"loc":{"start":{"line":40,"column":10},"end":{"line":40,"column":28}}},"3":{"name":"(anonymous_3)","line":47,"loc":{"start":{"line":47,"column":33},"end":{"line":47,"column":58}}}},"statementMap":{"1":{"start":{"line":17,"column":13},"end":{"line":17,"column":75}},"2":{"start":{"line":17,"column":75},"end":{"line":17,"column":170}},"3":{"start":{"line":17,"column":113},"end":{"line":17,"column":169}},"4":{"start":{"line":17,"column":170},"end":{"line":17,"column":213}},"5":{"start":{"line":17,"column":213},"end":{"line":17,"column":270}},"6":{"start":{"line":17,"column":270},"end":{"line":18,"column":10}},"7":{"start":{"line":18,"column":10},"end":{"line":18,"column":57}},"8":{"start":{"line":18,"column":57},"end":{"line":19,"column":17}},"9":{"start":{"line":19,"column":17},"end":{"line":19,"column":76}},"10":{"start":{"line":19,"column":76},"end":{"line":20,"column":10}},"11":{"start":{"line":20,"column":10},"end":{"line":20,"column":57}},"12":{"start":{"line":20,"column":57},"end":{"line":21,"column":16}},"13":{"start":{"line":21,"column":16},"end":{"line":22,"column":13}},"14":{"start":{"line":22,"column":13},"end":{"line":22,"column":66}},"15":{"start":{"line":26,"column":0},"end":{"line":26,"column":81}},"16":{"start":{"line":30,"column":0},"end":{"line":57,"column":20}},"17":{"start":{"line":41,"column":4},"end":{"line":41,"column":20}},"18":{"start":{"line":42,"column":4},"end":{"line":42,"column":77}},"19":{"start":{"line":44,"column":4},"end":{"line":44,"column":64}},"20":{"start":{"line":46,"column":4},"end":{"line":46,"column":82}},"21":{"start":{"line":47,"column":4},"end":{"line":49,"column":165}},"22":{"start":{"line":48,"column":6},"end":{"line":48,"column":52}},"23":{"start":{"line":49,"column":6},"end":{"line":49,"column":162}},"24":{"start":{"line":54,"column":4},"end":{"line":57,"column":15}},"25":{"start":{"line":57,"column":20},"end":{"line":65,"column":12}},"26":{"start":{"line":65,"column":12},"end":{"line":65,"column":48}}},"branchMap":{"1":{"line":17,"type":"cond-expr","locations":[{"start":{"line":17,"column":144},"end":{"line":17,"column":147}},{"start":{"line":17,"column":150},"end":{"line":17,"column":168}}]},"2":{"line":17,"type":"binary-expr","locations":[{"start":{"line":17,"column":120},"end":{"line":17,"column":123}},{"start":{"line":17,"column":127},"end":{"line":17,"column":141}}]}},"l":{"17":10,"18":2,"19":2,"20":2,"21":2,"22":2,"26":2,"30":2,"41":2,"42":2,"44":2,"46":2,"47":2,"48":3,"49":3,"54":2,"57":2,"65":2}}}
